0 info it worked if it ends with ok
1 verbose cli [ 'C:\\Program Files\\nodejs\\node.exe',
1 verbose cli   'C:\\Program Files\\nodejs\\node_modules\\npm\\bin\\npm-cli.js',
1 verbose cli   'start' ]
2 info using npm@3.9.3
3 info using node@v4.4.3
4 warn invalid config access=undefined
5 warn invalid config also=undefined
6 warn invalid config init-author-url=undefined
7 warn invalid config Must be a full url with 'http://'
8 warn invalid config only=undefined
9 warn onload-script failed to require onload script undefined
10 warn onload-script Error: Cannot find module 'undefined'
10 warn onload-script     at Function.Module._resolveFilename (module.js:325:15)
10 warn onload-script     at Function.Module._load (module.js:276:25)
10 warn onload-script     at Module.require (module.js:353:17)
10 warn onload-script     at require (internal/module.js:12:17)
10 warn onload-script     at cb (C:\Program Files\nodejs\node_modules\npm\lib\npm.js:197:11)
10 warn onload-script     at C:\Program Files\nodejs\node_modules\npm\lib\npm.js:303:16
10 warn onload-script     at C:\Program Files\nodejs\node_modules\npm\lib\config\core.js:81:7
10 warn onload-script     at Array.forEach (native)
10 warn onload-script     at C:\Program Files\nodejs\node_modules\npm\lib\config\core.js:80:13
10 warn onload-script     at f (C:\Program Files\nodejs\node_modules\npm\node_modules\once\once.js:17:25)
10 warn onload-script  { [Error: Cannot find module 'undefined'] code: 'MODULE_NOT_FOUND' }
11 verbose run-script [ 'prestart', 'start', 'poststart' ]
12 info lifecycle AngularFactory@1.0.0~prestart: AngularFactory@1.0.0
13 silly lifecycle AngularFactory@1.0.0~prestart: no script for prestart, continuing
14 info lifecycle AngularFactory@1.0.0~start: AngularFactory@1.0.0
15 verbose lifecycle AngularFactory@1.0.0~start: unsafe-perm in lifecycle true
16 verbose lifecycle AngularFactory@1.0.0~start: PATH: C:\Program Files\nodejs\node_modules\npm\bin\node-gyp-bin;D:\Arun\Projects\javascript\AngularFactory\InES6\node_modules\.bin;C:\Program Files\nodejs;C:\Program Files\nodejs\node_modules\npm\bin\node-gyp-bin;D:\Arun\Projects\javascript\AngularFactory\InES6\node_modules\.bin;C:\Program Files\nodejs;D:\Program Files\ConEmu\ConEmu\Scripts;D:\Program Files\ConEmu;D:\Program Files\ConEmu\ConEmu;C:\ProgramData\Oracle\Java\javapath;C:\Program Files\BMC Software\CONTROL-M EM 6.4.01\Default\bin\;C:\Windows\system32;C:\Windows;C:\Windows\System32\Wbem;C:\Windows\System32\WindowsPowerShell\v1.0\;C:\Program Files\RSA Security\RSA SecurID Software Token\;C:\Program Files\Brackets\command;C:\Program Files\Microsoft SQL Server\120\Tools\Binn\;C:\Program Files\Windows Kits\8.1\Windows Performance Toolkit\;C:\Program Files\Microsoft SQL Server\110\Tools\Binn\;C:\Windows\System32\WindowsPowerShell\v1.0\;C:\Program Files\Microsoft SDKs\TypeScript\1.8;C:\Windows\system32\config\systemprofile\AppData\Roaming\npm;%NVM_HOME%;%NVM_SYMLINK%;C:\Program Files\nodejs\;C:\Program Files\BMC Software\CONTROL-M EM 6.4.01\Default\bin\;C:\Windows\system32;C:\Windows;C:\Windows\System32\Wbem;C:\Windows\System32\WindowsPowerShell\v1.0\;C:\Program Files\RSA Security\RSA SecurID Software Token\;C:\Program Files\Brackets\command;C:\Program Files\Microsoft SQL Server\120\Tools\Binn\;C:\Program Files\Windows Kits\8.1\Windows Performance Toolkit\;C:\Program Files\Microsoft SQL Server\110\Tools\Binn\;C:\Program Files\Java\jdk1.7.0_99;D:\Arun\POC\jdepend-master\bin;D:\Arun\POC\apache-ant-1.9.6\BIN;d:\Program Files\Microsoft VS Code\bin;C:\mvn\apache-maven-3.3.9\bin;C:\Users\186234\AppData\Roaming\npm;C:\Users\186234\AppData\Roaming\nvm;C:\Program Files\nodejs
17 verbose lifecycle AngularFactory@1.0.0~start: CWD: D:\Arun\Projects\javascript\AngularFactory\InES6
18 silly lifecycle AngularFactory@1.0.0~start: Args: [ '/d /s /c', 'nodemon server' ]
19 silly lifecycle AngularFactory@1.0.0~start: Returned: code: 3221225786  signal: null
20 info lifecycle AngularFactory@1.0.0~start: Failed to exec start script
21 verbose stack Error: AngularFactory@1.0.0 start: `nodemon server`
21 verbose stack Exit status 3221225786
21 verbose stack     at EventEmitter.<anonymous> (C:\Program Files\nodejs\node_modules\npm\lib\utils\lifecycle.js:245:16)
21 verbose stack     at emitTwo (events.js:87:13)
21 verbose stack     at EventEmitter.emit (events.js:172:7)
21 verbose stack     at ChildProcess.<anonymous> (C:\Program Files\nodejs\node_modules\npm\lib\utils\spawn.js:24:14)
21 verbose stack     at emitTwo (events.js:87:13)
21 verbose stack     at ChildProcess.emit (events.js:172:7)
21 verbose stack     at maybeClose (internal/child_process.js:827:16)
21 verbose stack     at Process.ChildProcess._handle.onexit (internal/child_process.js:211:5)
22 verbose pkgid AngularFactory@1.0.0
23 verbose cwd D:\Arun\Projects\javascript\AngularFactory\InES6
24 error Windows_NT 6.1.7601
25 error argv "C:\\Program Files\\nodejs\\node.exe" "C:\\Program Files\\nodejs\\node_modules\\npm\\bin\\npm-cli.js" "start"
26 error node v4.4.3
27 error npm  v3.9.3
28 error code ELIFECYCLE
29 error AngularFactory@1.0.0 start: `nodemon server`
29 error Exit status 3221225786
30 error Failed at the AngularFactory@1.0.0 start script 'nodemon server'.
30 error Make sure you have the latest version of node.js and npm installed.
30 error If you do, this is most likely a problem with the AngularFactory package,
30 error not with npm itself.
30 error Tell the author that this fails on your system:
30 error     nodemon server
30 error You can get information on how to open an issue for this project with:
30 error     npm bugs AngularFactory
30 error Or if that isn't available, you can get their info via:
30 error     npm owner ls AngularFactory
30 error There is likely additional logging output above.
31 verbose exit [ 1, true ]
